<?xml version="1.0" encoding="UTF-8"?>
<testsuite name="com.tixello.widget.SnapshotParseTest" tests="4" skipped="0" failures="0" errors="0" timestamp="2026-08-17T09:56:16" hostname="DESKTOP-Q6AFG8A" time="0.036">
  <properties/>
  <testcase name="comisioanele pastreaza evenimentul si moneda" classname="com.tixello.widget.SnapshotParseTest" time="0.033"/>
  <testcase name="citeste toate cifrele" classname="com.tixello.widget.SnapshotParseTest" time="0.001"/>
  <testcase name="un payload sarac nu arunca" classname="com.tixello.widget.SnapshotParseTest" time="0.001"/>
  <testcase name="un JSON stricat intoarce null in loc sa arunce" classname="com.tixello.widget.SnapshotParseTest" time="0.0"/>
  <system-out><![CDATA[]]></system-out>
  <system-err><![CDATA[]]></system-err>
</testsuite>
